<?xml version="1.0" encoding="UTF-8"?>
<testng-results ignored="0" total="1" passed="1" failed="0" skipped="0">
  <reporter-output>
  </reporter-output>
  <suite started-at="2024-05-03T17:01:01 AEST" name="Default suite" finished-at="2024-05-03T17:01:07 AEST" duration-ms="5274">
    <groups>
    </groups>
    <test started-at="2024-05-03T17:01:01 AEST" name="Default test" finished-at="2024-05-03T17:01:07 AEST" duration-ms="5274">
      <class name="tests.XMLSchemaXSD">
        <test-method signature="XMLValidation()[pri:0, instance:tests.XMLSchemaXSD@242b836]" started-at="2024-05-03T17:01:01 AEST" name="XMLValidation" finished-at="2024-05-03T17:01:07 AEST" duration-ms="5217" status="PASS">
          <reporter-output>
          </reporter-output>
        </test-method> <!-- XMLValidation -->
      </class> <!-- tests.XMLSchemaXSD -->
    </test> <!-- Default test -->
  </suite> <!-- Default suite -->
</testng-results>
